warning: Git tree '/home/ilya/nixos-config' is dirty
building the system configuration...
warning: Git tree '/home/ilya/nixos-config' is dirty
evaluation warning: Nixvim: `plugins.web-devicons` was enabled automatically because the following plugins are enabled.
                    This behaviour is deprecated. Please explicitly define `plugins.web-devicons.enable` or alternatively
                    enable `plugins.mini.enable` with `plugins.mini.modules.icons` and `plugins.mini.mockDevIcons`.
                    plugins.telescope
evaluation warning: ilya profile: Nixvim: `plugins.web-devicons` was enabled automatically because the following plugins are enabled.
                    This behaviour is deprecated. Please explicitly define `plugins.web-devicons.enable` or alternatively
                    enable `plugins.mini.enable` with `plugins.mini.modules.icons` and `plugins.mini.mockDevIcons`.
                    plugins.telescope
evaluation warning: The option `services.xserver.displayManager.sddm.wayland.enable' defined in `/nix/store/xgli3pvlkm1pc3qjx1xpaq6f56wgl345-source/configuration.nix' has been renamed to `services.displayManager.sddm.wayland.enable'.
evaluation warning: The option `services.xserver.displayManager.sddm.enable' defined in `/nix/store/xgli3pvlkm1pc3qjx1xpaq6f56wgl345-source/configuration.nix' has been renamed to `services.displayManager.sddm.enable'.
evaluation warning: The option `hardware.opengl.driSupport32Bit' defined in `/nix/store/xgli3pvlkm1pc3qjx1xpaq6f56wgl345-source/configuration.nix' has been renamed to `hardware.graphics.enable32Bit'.
evaluation warning: The option `hardware.opengl.enable' defined in `/nix/store/xgli3pvlkm1pc3qjx1xpaq6f56wgl345-source/configuration.nix' has been renamed to `hardware.graphics.enable'.
evaluation warning: The option `nix.binaryCaches' defined in `/nix/store/xgli3pvlkm1pc3qjx1xpaq6f56wgl345-source/configuration.nix' has been renamed to `nix.settings.substituters'.
evaluation warning: xdg-desktop-portal 1.17 reworked how portal implementations are loaded, you
                    should either set `xdg.portal.config` or `xdg.portal.configPackages`
                    to specify which portal backend to use for the requested interface.

                    https://github.com/flatpak/xdg-desktop-portal/blob/1.18.1/doc/portals.conf.rst.in

                    If you simply want to keep the behaviour in < 1.17, which uses the first
                    portal implementation found in lexicographical order, use the following:

                    xdg.portal.config.common.default = "*";
these 40 derivations will be built:
  /nix/store/0dcyzc6prajvjmazczm1q3ap6izrpig0-Xsetup.drv
  /nix/store/0gp91y3d97ws9fxsdmkvn672j76g47la-unit-script-display-manager-start.drv
  /nix/store/2jj1m28law5z0d4hd8m062f4592155na-system-path.drv
  /nix/store/m4pc40x32w3j9fzgfjg091bbgyk1w6gy-nixos-tmpfiles.d.drv
  /nix/store/3l9xxf8n5s64r9sm6zl54f2q5rn2l4mf-tmpfiles.d.drv
  /nix/store/c84gyhxv1bymd37pssrmkx9kf5p9ffb3-dbus-1.drv
  /nix/store/gi0l94hwwfi8zfsk0rrd43aa547aw184-X-Restart-Triggers-dbus.drv
  /nix/store/b97da3dy7af2xpqimyn58bibpdadfhca-unit-dbus.service.drv
  /nix/store/7wsnnflvklhffmqy0ny0wpnmg9ymxv2y-hm_hyprhyprpaper.conf.drv
  /nix/store/x0a0qanxjk8fvd23i2s0zfsh02nn7rz7-hyprpaper.service.drv
  /nix/store/bjzr4j61g76ch0wp3njl2d798a63650f-home-manager-files.drv
  /nix/store/gpw8y637yvb37qv1rlmk82lmvdbnxnr5-home-manager-generation.drv
  /nix/store/dbc9zj2bdp1ms6jsrk2bgfli7zv3kwb7-unit-home-manager-ilya.service.drv
  /nix/store/khj82c8mql5g44hjvlq4iyv8qfk429jg-unit-display-manager.service.drv
  /nix/store/hwbhqsnn20cmw9ggib79pg4nzx5k4clm-X-Restart-Triggers-systemd-tmpfiles-resetup.drv
  /nix/store/nbvmgm5hg4r71b1259xv6rsh90y3b2ly-unit-systemd-tmpfiles-resetup.service.drv
  /nix/store/wbmkqr1r81dbxkhp3qqbal07dc10zyaw-X-Restart-Triggers-polkit.drv
  /nix/store/y9wsahw5a5pif5g92dprmkizzh626cjm-unit-polkit.service.drv
  /nix/store/4b8n5m2fb7ggql4r3a1h5skgjwzc8q2k-system-units.drv
  /nix/store/svzl3f7w90w65fkxpc25i5l1n4qganb9-unit-dbus.service.drv
  /nix/store/4lxyk6r001cp1s19cmq9r4cs4042s2fc-user-units.drv
  /nix/store/838kkpdvxdi33k4gq68r43867dgvb1il-system-generators.drv
  /nix/store/9rlrjh5rw4wl15hxbkl1fc5jni45bfzr-system-shutdown.drv
  /nix/store/r9mi9mnf80wqjizwdlavpqxs91j6j801-sddm-wrapped_fish-completions.drv
  /nix/store/c3sdbqj249lb39yym5x96aiy443p3g6d-system_fish-completions.drv
  /nix/store/fnvailxv6h3rsn7z1wg5l5jw4d791j9r-man-paths.drv
  /nix/store/74qahkc5m9yrpc163d41bxd9niwbgi9a-man-cache.drv
  /nix/store/hg5p7w8780ybx7zf876m5na43a41bwhk-etc-man_db.conf.drv
  /nix/store/jg33qflp0j5f80szxx5k4h29n8bih1d2-user-environment.drv
  /nix/store/nmbazld7lpk5z406zdmxpl5pfbrd952p-sddm.pam.drv
  /nix/store/glm6ldc9x3fcbm0z00g15lq98gvxhkpy-weston.ini.drv
  /nix/store/rfjfvlbz509h6p73mfpybg5cyp4rb10q-Xstop.drv
  /nix/store/x8i7x48ys7sak1ybm8qllgyq5sc5shag-xserver-wrapper.drv
  /nix/store/p87ghll205lbv6lszxjs1mwas1qkj426-sddm.conf.drv
  /nix/store/qfqyca2nsk85s4a0npwmqim1m1ylcv2c-sddm-autologin.pam.drv
  /nix/store/rhxyhxxc5laxi3kshchxy8hbvrdbs2r7-sddm-greeter.pam.drv
  /nix/store/vhrs19jxj129g10vh521j7jbzy1k0nnh-user-generators.drv
  /nix/store/5ss9ckdwgv7wdcy5j9qzvz2r0hn70g2z-etc.drv
  /nix/store/acq10vhpxaw9hvn5gbqqbmsb5fxkkq2b-users-groups.json.drv
  /nix/store/74lnwx25rp73cjdzwjzjdvs76xvc1k89-nixos-system-nixos-25.05.20241115.5e4fbfb.drv
these 6 paths will be fetched (6.54 MiB download, 20.17 MiB unpacked):
  /nix/store/v15yw8hbb9b1cycb3gvxxxrrz9innh1n-aml-0.3.0
  /nix/store/dfqx6rvjmpwb311ak4ylfrj1rfbkxi19-freerdp-2.11.7
  /nix/store/62l0ywgj17w28as382wxi7fppyl6gmwv-neatvnc-0.8.1
  /nix/store/9zx63c1k98gxavf8y1wxasbn2yf0h3lz-sddm-unwrapped-0.21.0
  /nix/store/zcmdpz3wwm0amp0jafczca7amnlg30qs-sddm-wrapped
  /nix/store/ffvq7dslpy7qc76hvr51fbl3i3sn0djv-weston-14.0.1
building '/nix/store/acq10vhpxaw9hvn5gbqqbmsb5fxkkq2b-users-groups.json.drv'...
building '/nix/store/0dcyzc6prajvjmazczm1q3ap6izrpig0-Xsetup.drv'...
building '/nix/store/rfjfvlbz509h6p73mfpybg5cyp4rb10q-Xstop.drv'...
building '/nix/store/qfqyca2nsk85s4a0npwmqim1m1ylcv2c-sddm-autologin.pam.drv'...
building '/nix/store/rhxyhxxc5laxi3kshchxy8hbvrdbs2r7-sddm-greeter.pam.drv'...
building '/nix/store/nmbazld7lpk5z406zdmxpl5pfbrd952p-sddm.pam.drv'...
building '/nix/store/jg33qflp0j5f80szxx5k4h29n8bih1d2-user-environment.drv'...
copying path '/nix/store/v15yw8hbb9b1cycb3gvxxxrrz9innh1n-aml-0.3.0' from 'https://cache.nixos.org'...
copying path '/nix/store/9zx63c1k98gxavf8y1wxasbn2yf0h3lz-sddm-unwrapped-0.21.0' from 'https://cache.nixos.org'...
building '/nix/store/m4pc40x32w3j9fzgfjg091bbgyk1w6gy-nixos-tmpfiles.d.drv'...
building '/nix/store/glm6ldc9x3fcbm0z00g15lq98gvxhkpy-weston.ini.drv'...
building '/nix/store/x8i7x48ys7sak1ybm8qllgyq5sc5shag-xserver-wrapper.drv'...
copying path '/nix/store/dfqx6rvjmpwb311ak4ylfrj1rfbkxi19-freerdp-2.11.7' from 'https://cache.nixos.org'...
building '/nix/store/838kkpdvxdi33k4gq68r43867dgvb1il-system-generators.drv'...
building '/nix/store/9rlrjh5rw4wl15hxbkl1fc5jni45bfzr-system-shutdown.drv'...
building '/nix/store/0gp91y3d97ws9fxsdmkvn672j76g47la-unit-script-display-manager-start.drv'...
building '/nix/store/vhrs19jxj129g10vh521j7jbzy1k0nnh-user-generators.drv'...
building '/nix/store/7wsnnflvklhffmqy0ny0wpnmg9ymxv2y-hm_hyprhyprpaper.conf.drv'...
copying path '/nix/store/62l0ywgj17w28as382wxi7fppyl6gmwv-neatvnc-0.8.1' from 'https://cache.nixos.org'...
copying path '/nix/store/zcmdpz3wwm0amp0jafczca7amnlg30qs-sddm-wrapped' from 'https://cache.nixos.org'...
building '/nix/store/khj82c8mql5g44hjvlq4iyv8qfk429jg-unit-display-manager.service.drv'...
copying path '/nix/store/ffvq7dslpy7qc76hvr51fbl3i3sn0djv-weston-14.0.1' from 'https://cache.nixos.org'...
building '/nix/store/x0a0qanxjk8fvd23i2s0zfsh02nn7rz7-hyprpaper.service.drv'...
building '/nix/store/fnvailxv6h3rsn7z1wg5l5jw4d791j9r-man-paths.drv'...
building '/nix/store/r9mi9mnf80wqjizwdlavpqxs91j6j801-sddm-wrapped_fish-completions.drv'...
building '/nix/store/2jj1m28law5z0d4hd8m062f4592155na-system-path.drv'...
building '/nix/store/3l9xxf8n5s64r9sm6zl54f2q5rn2l4mf-tmpfiles.d.drv'...
building '/nix/store/bjzr4j61g76ch0wp3njl2d798a63650f-home-manager-files.drv'...
building '/nix/store/c3sdbqj249lb39yym5x96aiy443p3g6d-system_fish-completions.drv'...
building '/nix/store/p87ghll205lbv6lszxjs1mwas1qkj426-sddm.conf.drv'...
building '/nix/store/hwbhqsnn20cmw9ggib79pg4nzx5k4clm-X-Restart-Triggers-systemd-tmpfiles-resetup.drv'...
building '/nix/store/gpw8y637yvb37qv1rlmk82lmvdbnxnr5-home-manager-generation.drv'...
building '/nix/store/74qahkc5m9yrpc163d41bxd9niwbgi9a-man-cache.drv'...
building '/nix/store/nbvmgm5hg4r71b1259xv6rsh90y3b2ly-unit-systemd-tmpfiles-resetup.service.drv'...
building '/nix/store/wbmkqr1r81dbxkhp3qqbal07dc10zyaw-X-Restart-Triggers-polkit.drv'...
building '/nix/store/c84gyhxv1bymd37pssrmkx9kf5p9ffb3-dbus-1.drv'...
building '/nix/store/dbc9zj2bdp1ms6jsrk2bgfli7zv3kwb7-unit-home-manager-ilya.service.drv'...
building '/nix/store/gi0l94hwwfi8zfsk0rrd43aa547aw184-X-Restart-Triggers-dbus.drv'...
building '/nix/store/y9wsahw5a5pif5g92dprmkizzh626cjm-unit-polkit.service.drv'...
building '/nix/store/b97da3dy7af2xpqimyn58bibpdadfhca-unit-dbus.service.drv'...
building '/nix/store/svzl3f7w90w65fkxpc25i5l1n4qganb9-unit-dbus.service.drv'...
building '/nix/store/4b8n5m2fb7ggql4r3a1h5skgjwzc8q2k-system-units.drv'...
building '/nix/store/4lxyk6r001cp1s19cmq9r4cs4042s2fc-user-units.drv'...
building '/nix/store/hg5p7w8780ybx7zf876m5na43a41bwhk-etc-man_db.conf.drv'...
building '/nix/store/5ss9ckdwgv7wdcy5j9qzvz2r0hn70g2z-etc.drv'...
building '/nix/store/74lnwx25rp73cjdzwjzjdvs76xvc1k89-nixos-system-nixos-25.05.20241115.5e4fbfb.drv'...
stopping the following units: accounts-daemon.service, systemd-tmpfiles-resetup.service
activating the configuration...
removing group ‘gdm’
removing user ‘gdm’
setting up /etc...
removing obsolete symlink ‘/etc/dconf’...
removing obsolete symlink ‘/etc/gdm/custom.conf’...
removing obsolete symlink ‘/etc/gdm/Xsession’...
removing obsolete symlink ‘/etc/pam.d/gdm-fingerprint’...
removing obsolete symlink ‘/etc/pam.d/gdm-password’...
removing obsolete symlink ‘/etc/pam.d/gdm-autologin’...
removing obsolete symlink ‘/etc/pam.d/gdm-launch-environment’...
reloading user units for ilya...
restarting sysinit-reactivation.target
reloading the following units: dbus.service
restarting the following units: polkit.service
starting the following units: systemd-tmpfiles-resetup.service
the following new units were started: run-user-175.mount, user-175.slice, user-runtime-dir@175.service, user@175.service
